#-----------------------------------------------------------
# Vivado v2020.2 (64-bit)
# SW Build 3064766 on Wed Nov 18 09:12:45 MST 2020
# IP Build 3064653 on Wed Nov 18 14:17:31 MST 2020
# Start of session at: Wed Mar 17 13:11:37 2021
# Process ID: 18032
# Current directory: C:/Users/samue/Documents/GitHub/Digital-electronics-1/Labs/06-display_driver/display_driver
# Command line: vivado.exe -gui_launcher_event rodinguilauncherevent13144 C:\Users\samue\Documents\GitHub\Digital-electronics-1\Labs\06-display_driver\display_driver\display_driver.xpr
# Log file: C:/Users/samue/Documents/GitHub/Digital-electronics-1/Labs/06-display_driver/display_driver/vivado.log
# Journal file: C:/Users/samue/Documents/GitHub/Digital-electronics-1/Labs/06-display_driver/display_driver\vivado.jou
#-----------------------------------------------------------
start_gui
open_project C:/Users/samue/Documents/GitHub/Digital-electronics-1/Labs/06-display_driver/display_driver/display_driver.xpr
INFO: [ProjectBase 1-489] The host OS only allows 260 characters in a normal path. The project is stored in a path with more than 80 characters. If you experience issues with IP, Block Designs, or files not being found, please consider moving the project to a location with a shorter path. Alternately consider using the OS subst command to map part of the path to a drive letter.
Current project path is 'C:/Users/samue/Documents/GitHub/Digital-electronics-1/Labs/06-display_driver/display_driver'
WARNING: [filemgmt 56-3] Default IP Output Path : Could not find the directory 'C:/Users/samue/Documents/GitHub/Digital-electronics-1/Labs/06-display_driver/display_driver/display_driver.gen/sources_1'.
Scanning sources...
Finished scanning sources
INFO: [IP_Flow 19-234] Refreshing IP repositories
INFO: [IP_Flow 19-1704] No user IP repositories specified
INFO: [IP_Flow 19-2313] Loaded Vivado IP repository 'C:/Xilinx/Vivado/2020.2/data/ip'.
update_compile_order -fileset sources_1
update_compile_order -fileset sim_1
launch_simulation
Command: launch_simulation 
INFO: [Vivado 12-5682] Launching behavioral simulation in 'C:/Users/samue/Documents/GitHub/Digital-electronics-1/Labs/06-display_driver/display_driver/display_driver.sim/sim_1/behav/xsim'
INFO: [SIM-utils-51] Simulation object is 'sim_1'
INFO: [SIM-utils-54] Inspecting design source files for 'tb_driver_7seg_4digits' in fileset 'sim_1'...
INFO: [USF-XSim-97] Finding global include files...
INFO: [USF-XSim-98] Fetching design files from 'sim_1'...
INFO: [USF-XSim-2] XSim::Compile design
INFO: [USF-XSim-61] Executing 'COMPILE and ANALYZE' step in 'C:/Users/samue/Documents/GitHub/Digital-electronics-1/Labs/06-display_driver/display_driver/display_driver.sim/sim_1/behav/xsim'
"xvhdl --incr --relax -prj tb_driver_7seg_4digits_vhdl.prj"
INFO: [VRFC 10-163] Analyzing VHDL file "C:/Users/samue/Documents/GitHub/Digital-electronics-1/Labs/06-display_driver/display_driver/display_driver.srcs/sources_1/new/clock_enable.vhd" into library xil_defaultlib
INFO: [VRFC 10-3107] analyzing entity 'clock_enable'
INFO: [VRFC 10-163] Analyzing VHDL file "C:/Users/samue/Documents/GitHub/Digital-electronics-1/Labs/06-display_driver/display_driver/display_driver.srcs/sources_1/new/cnt_up_down.vhd" into library xil_defaultlib
INFO: [VRFC 10-3107] analyzing entity 'cnt_up_down'
INFO: [VRFC 10-163] Analyzing VHDL file "C:/Users/samue/Documents/GitHub/Digital-electronics-1/Labs/06-display_driver/display_driver/display_driver.srcs/sources_1/new/hex_7seg.vhd" into library xil_defaultlib
INFO: [VRFC 10-3107] analyzing entity 'hex_7seg'
INFO: [VRFC 10-163] Analyzing VHDL file "C:/Users/samue/Documents/GitHub/Digital-electronics-1/Labs/06-display_driver/display_driver/display_driver.srcs/sources_1/new/driver_7seg_4digits.vhd" into library xil_defaultlib
INFO: [VRFC 10-3107] analyzing entity 'driver_7seg_4digits'
INFO: [VRFC 10-163] Analyzing VHDL file "C:/Users/samue/Documents/GitHub/Digital-electronics-1/Labs/06-display_driver/display_driver/display_driver.srcs/sim_1/new/tb_driver_7seg_4digits.vhd" into library xil_defaultlib
INFO: [VRFC 10-3107] analyzing entity 'tb_driver_7seg_4digits'
INFO: [USF-XSim-69] 'compile' step finished in '3' seconds
INFO: [USF-XSim-3] XSim::Elaborate design
INFO: [USF-XSim-61] Executing 'ELABORATE' step in 'C:/Users/samue/Documents/GitHub/Digital-electronics-1/Labs/06-display_driver/display_driver/display_driver.sim/sim_1/behav/xsim'
"xelab -wto 88a4e527f47148b78d299575ef4db92a --incr --debug typical --relax --mt 2 -L xil_defaultlib -L secureip --snapshot tb_driver_7seg_4digits_behav xil_defaultlib.tb_driver_7seg_4digits -log elaborate.log"
Vivado Simulator 2020.2
Copyright 1986-1999, 2001-2020 Xilinx, Inc. All Rights Reserved.
Running: C:/Xilinx/Vivado/2020.2/bin/unwrapped/win64.o/xelab.exe -wto 88a4e527f47148b78d299575ef4db92a --incr --debug typical --relax --mt 2 -L xil_defaultlib -L secureip --snapshot tb_driver_7seg_4digits_behav xil_defaultlib.tb_driver_7seg_4digits -log elaborate.log 
Using 2 slave threads.
Starting static elaboration
Completed static elaboration
Starting simulation data flow analysis
Completed simulation data flow analysis
Time Resolution for simulation is 1ps
Compiling package std.standard
Compiling package std.textio
Compiling package ieee.std_logic_1164
Compiling package ieee.numeric_std
Compiling architecture behavioral of entity xil_defaultlib.clock_enable [\clock_enable(g_max=400000)\]
Compiling architecture behavioral of entity xil_defaultlib.cnt_up_down [\cnt_up_down(g_cnt_width=2)\]
Compiling architecture behavioral of entity xil_defaultlib.hex_7seg [hex_7seg_default]
Compiling architecture behavioral of entity xil_defaultlib.driver_7seg_4digits [driver_7seg_4digits_default]
Compiling architecture testbench of entity xil_defaultlib.tb_driver_7seg_4digits
Built simulation snapshot tb_driver_7seg_4digits_behav

****** Webtalk v2020.2 (64-bit)
  **** SW Build 3064766 on Wed Nov 18 09:12:45 MST 2020
  **** IP Build 3064653 on Wed Nov 18 14:17:31 MST 2020
    ** Copyright 1986-2020 Xilinx, Inc. All Rights Reserved.

source C:/Users/samue/Documents/GitHub/Digital-electronics-1/Labs/06-display_driver/display_driver/display_driver.sim/sim_1/behav/xsim/xsim.dir/tb_driver_7seg_4digits_behav/webtalk/xsim_webtalk.tcl -notrace
INFO: [Common 17-186] 'C:/Users/samue/Documents/GitHub/Digital-electronics-1/Labs/06-display_driver/display_driver/display_driver.sim/sim_1/behav/xsim/xsim.dir/tb_driver_7seg_4digits_behav/webtalk/usage_statistics_ext_xsim.xml' has been successfully sent to Xilinx on Wed Mar 17 14:15:12 2021. For additional details about this file, please refer to the WebTalk help file at C:/Xilinx/Vivado/2020.2/doc/webtalk_introduction.html.
webtalk_transmit: Time (s): cpu = 00:00:00 ; elapsed = 00:00:05 . Memory (MB): peak = 116.590 ; gain = 23.617
INFO: [Common 17-206] Exiting Webtalk at Wed Mar 17 14:15:12 2021...
run_program: Time (s): cpu = 00:00:00 ; elapsed = 00:00:10 . Memory (MB): peak = 1014.809 ; gain = 0.000
INFO: [USF-XSim-69] 'elaborate' step finished in '10' seconds
INFO: [USF-XSim-4] XSim::Simulate design
INFO: [USF-XSim-61] Executing 'SIMULATE' step in 'C:/Users/samue/Documents/GitHub/Digital-electronics-1/Labs/06-display_driver/display_driver/display_driver.sim/sim_1/behav/xsim'
INFO: [USF-XSim-98] *** Running xsim
   with args "tb_driver_7seg_4digits_behav -key {Behavioral:sim_1:Functional:tb_driver_7seg_4digits} -tclbatch {tb_driver_7seg_4digits.tcl} -log {simulate.log}"
INFO: [USF-XSim-8] Loading simulator feature
Vivado Simulator 2020.2
Time resolution is 1 ps
source tb_driver_7seg_4digits.tcl
# set curr_wave [current_wave_config]
# if { [string length $curr_wave] == 0 } {
#   if { [llength [get_objects]] > 0} {
#     add_wave /
#     set_property needs_save false [current_wave_config]
#   } else {
#      send_msg_id Add_Wave-1 WARNING "No top level signals found. Simulator will start without a wave window. If you want to open a wave window go to 'File->New Waveform Configuration' or type 'create_wave_config' in the TCL console."
#   }
# }
# run 1000ns
Note: Stimulus process started
Time: 0 ps  Iteration: 0  Process: /tb_driver_7seg_4digits/p_stimulus  File: C:/Users/samue/Documents/GitHub/Digital-electronics-1/Labs/06-display_driver/display_driver/display_driver.srcs/sim_1/new/tb_driver_7seg_4digits.vhd
Note: Stimulus process finished
Time: 0 ps  Iteration: 0  Process: /tb_driver_7seg_4digits/p_stimulus  File: C:/Users/samue/Documents/GitHub/Digital-electronics-1/Labs/06-display_driver/display_driver/display_driver.srcs/sim_1/new/tb_driver_7seg_4digits.vhd
INFO: [USF-XSim-96] XSim completed. Design snapshot 'tb_driver_7seg_4digits_behav' loaded.
INFO: [USF-XSim-97] XSim simulation ran for 1000ns
launch_simulation: Time (s): cpu = 00:00:06 ; elapsed = 00:00:17 . Memory (MB): peak = 1014.809 ; gain = 0.000
close_sim
INFO: [Simtcl 6-16] Simulation closed
close_sim: Time (s): cpu = 00:00:02 ; elapsed = 00:00:08 . Memory (MB): peak = 1014.809 ; gain = 0.000
close [ open C:/Users/samue/Documents/GitHub/Digital-electronics-1/Labs/06-display_driver/display_driver/display_driver.srcs/sources_1/new/top.vhd w ]
add_files C:/Users/samue/Documents/GitHub/Digital-electronics-1/Labs/06-display_driver/display_driver/display_driver.srcs/sources_1/new/top.vhd
update_compile_order -fileset sources_1
launch_simulation
Command: launch_simulation 
INFO: [Vivado 12-5682] Launching behavioral simulation in 'C:/Users/samue/Documents/GitHub/Digital-electronics-1/Labs/06-display_driver/display_driver/display_driver.sim/sim_1/behav/xsim'
INFO: [SIM-utils-51] Simulation object is 'sim_1'
INFO: [SIM-utils-54] Inspecting design source files for 'tb_driver_7seg_4digits' in fileset 'sim_1'...
INFO: [USF-XSim-97] Finding global include files...
INFO: [USF-XSim-98] Fetching design files from 'sim_1'...
INFO: [USF-XSim-2] XSim::Compile design
INFO: [USF-XSim-61] Executing 'COMPILE and ANALYZE' step in 'C:/Users/samue/Documents/GitHub/Digital-electronics-1/Labs/06-display_driver/display_driver/display_driver.sim/sim_1/behav/xsim'
"xvhdl --incr --relax -prj tb_driver_7seg_4digits_vhdl.prj"
INFO: [VRFC 10-163] Analyzing VHDL file "C:/Users/samue/Documents/GitHub/Digital-electronics-1/Labs/06-display_driver/display_driver/display_driver.srcs/sim_1/new/tb_driver_7seg_4digits.vhd" into library xil_defaultlib
INFO: [VRFC 10-3107] analyzing entity 'tb_driver_7seg_4digits'
INFO: [USF-XSim-69] 'compile' step finished in '2' seconds
INFO: [USF-XSim-3] XSim::Elaborate design
INFO: [USF-XSim-61] Executing 'ELABORATE' step in 'C:/Users/samue/Documents/GitHub/Digital-electronics-1/Labs/06-display_driver/display_driver/display_driver.sim/sim_1/behav/xsim'
"xelab -wto 88a4e527f47148b78d299575ef4db92a --incr --debug typical --relax --mt 2 -L xil_defaultlib -L secureip --snapshot tb_driver_7seg_4digits_behav xil_defaultlib.tb_driver_7seg_4digits -log elaborate.log"
Vivado Simulator 2020.2
Copyright 1986-1999, 2001-2020 Xilinx, Inc. All Rights Reserved.
Running: C:/Xilinx/Vivado/2020.2/bin/unwrapped/win64.o/xelab.exe -wto 88a4e527f47148b78d299575ef4db92a --incr --debug typical --relax --mt 2 -L xil_defaultlib -L secureip --snapshot tb_driver_7seg_4digits_behav xil_defaultlib.tb_driver_7seg_4digits -log elaborate.log 
Using 2 slave threads.
Starting static elaboration
Completed static elaboration
Starting simulation data flow analysis
Completed simulation data flow analysis
Time Resolution for simulation is 1ps
Compiling package std.standard
Compiling package std.textio
Compiling package ieee.std_logic_1164
Compiling package ieee.numeric_std
Compiling architecture behavioral of entity xil_defaultlib.clock_enable [\clock_enable(g_max=400000)\]
Compiling architecture behavioral of entity xil_defaultlib.cnt_up_down [\cnt_up_down(g_cnt_width=2)\]
Compiling architecture behavioral of entity xil_defaultlib.hex_7seg [hex_7seg_default]
Compiling architecture behavioral of entity xil_defaultlib.driver_7seg_4digits [driver_7seg_4digits_default]
Compiling architecture testbench of entity xil_defaultlib.tb_driver_7seg_4digits
Built simulation snapshot tb_driver_7seg_4digits_behav
INFO: [USF-XSim-69] 'elaborate' step finished in '2' seconds
INFO: [USF-XSim-4] XSim::Simulate design
INFO: [USF-XSim-61] Executing 'SIMULATE' step in 'C:/Users/samue/Documents/GitHub/Digital-electronics-1/Labs/06-display_driver/display_driver/display_driver.sim/sim_1/behav/xsim'
INFO: [USF-XSim-98] *** Running xsim
   with args "tb_driver_7seg_4digits_behav -key {Behavioral:sim_1:Functional:tb_driver_7seg_4digits} -tclbatch {tb_driver_7seg_4digits.tcl} -log {simulate.log}"
INFO: [USF-XSim-8] Loading simulator feature
Vivado Simulator 2020.2
Time resolution is 1 ps
source tb_driver_7seg_4digits.tcl
# set curr_wave [current_wave_config]
# if { [string length $curr_wave] == 0 } {
#   if { [llength [get_objects]] > 0} {
#     add_wave /
#     set_property needs_save false [current_wave_config]
#   } else {
#      send_msg_id Add_Wave-1 WARNING "No top level signals found. Simulator will start without a wave window. If you want to open a wave window go to 'File->New Waveform Configuration' or type 'create_wave_config' in the TCL console."
#   }
# }
# run 1000ns
Note: Stimulus process started
Time: 0 ps  Iteration: 0  Process: /tb_driver_7seg_4digits/p_stimulus  File: C:/Users/samue/Documents/GitHub/Digital-electronics-1/Labs/06-display_driver/display_driver/display_driver.srcs/sim_1/new/tb_driver_7seg_4digits.vhd
Note: Stimulus process finished
Time: 0 ps  Iteration: 0  Process: /tb_driver_7seg_4digits/p_stimulus  File: C:/Users/samue/Documents/GitHub/Digital-electronics-1/Labs/06-display_driver/display_driver/display_driver.srcs/sim_1/new/tb_driver_7seg_4digits.vhd
INFO: [USF-XSim-96] XSim completed. Design snapshot 'tb_driver_7seg_4digits_behav' loaded.
INFO: [USF-XSim-97] XSim simulation ran for 1000ns
launch_simulation: Time (s): cpu = 00:00:04 ; elapsed = 00:00:06 . Memory (MB): peak = 1014.809 ; gain = 0.000
close_sim
INFO: [Simtcl 6-16] Simulation closed
launch_simulation
Command: launch_simulation 
INFO: [Vivado 12-5682] Launching behavioral simulation in 'C:/Users/samue/Documents/GitHub/Digital-electronics-1/Labs/06-display_driver/display_driver/display_driver.sim/sim_1/behav/xsim'
INFO: [SIM-utils-51] Simulation object is 'sim_1'
INFO: [SIM-utils-54] Inspecting design source files for 'tb_driver_7seg_4digits' in fileset 'sim_1'...
INFO: [USF-XSim-97] Finding global include files...
INFO: [USF-XSim-98] Fetching design files from 'sim_1'...
INFO: [USF-XSim-2] XSim::Compile design
INFO: [USF-XSim-61] Executing 'COMPILE and ANALYZE' step in 'C:/Users/samue/Documents/GitHub/Digital-electronics-1/Labs/06-display_driver/display_driver/display_driver.sim/sim_1/behav/xsim'
"xvhdl --incr --relax -prj tb_driver_7seg_4digits_vhdl.prj"
INFO: [VRFC 10-163] Analyzing VHDL file "C:/Users/samue/Documents/GitHub/Digital-electronics-1/Labs/06-display_driver/display_driver/display_driver.srcs/sim_1/new/tb_driver_7seg_4digits.vhd" into library xil_defaultlib
INFO: [VRFC 10-3107] analyzing entity 'tb_driver_7seg_4digits'
INFO: [USF-XSim-69] 'compile' step finished in '1' seconds
INFO: [USF-XSim-3] XSim::Elaborate design
INFO: [USF-XSim-61] Executing 'ELABORATE' step in 'C:/Users/samue/Documents/GitHub/Digital-electronics-1/Labs/06-display_driver/display_driver/display_driver.sim/sim_1/behav/xsim'
"xelab -wto 88a4e527f47148b78d299575ef4db92a --incr --debug typical --relax --mt 2 -L xil_defaultlib -L secureip --snapshot tb_driver_7seg_4digits_behav xil_defaultlib.tb_driver_7seg_4digits -log elaborate.log"
Vivado Simulator 2020.2
Copyright 1986-1999, 2001-2020 Xilinx, Inc. All Rights Reserved.
Running: C:/Xilinx/Vivado/2020.2/bin/unwrapped/win64.o/xelab.exe -wto 88a4e527f47148b78d299575ef4db92a --incr --debug typical --relax --mt 2 -L xil_defaultlib -L secureip --snapshot tb_driver_7seg_4digits_behav xil_defaultlib.tb_driver_7seg_4digits -log elaborate.log 
Using 2 slave threads.
Starting static elaboration
Completed static elaboration
Starting simulation data flow analysis
Completed simulation data flow analysis
Time Resolution for simulation is 1ps
Compiling package std.standard
Compiling package std.textio
Compiling package ieee.std_logic_1164
Compiling package ieee.numeric_std
Compiling architecture behavioral of entity xil_defaultlib.clock_enable [\clock_enable(g_max=400000)\]
Compiling architecture behavioral of entity xil_defaultlib.cnt_up_down [\cnt_up_down(g_cnt_width=2)\]
Compiling architecture behavioral of entity xil_defaultlib.hex_7seg [hex_7seg_default]
Compiling architecture behavioral of entity xil_defaultlib.driver_7seg_4digits [driver_7seg_4digits_default]
Compiling architecture testbench of entity xil_defaultlib.tb_driver_7seg_4digits
Built simulation snapshot tb_driver_7seg_4digits_behav
INFO: [USF-XSim-69] 'elaborate' step finished in '2' seconds
INFO: [USF-XSim-4] XSim::Simulate design
INFO: [USF-XSim-61] Executing 'SIMULATE' step in 'C:/Users/samue/Documents/GitHub/Digital-electronics-1/Labs/06-display_driver/display_driver/display_driver.sim/sim_1/behav/xsim'
INFO: [USF-XSim-98] *** Running xsim
   with args "tb_driver_7seg_4digits_behav -key {Behavioral:sim_1:Functional:tb_driver_7seg_4digits} -tclbatch {tb_driver_7seg_4digits.tcl} -log {simulate.log}"
INFO: [USF-XSim-8] Loading simulator feature
Vivado Simulator 2020.2
Time resolution is 1 ps
source tb_driver_7seg_4digits.tcl
# set curr_wave [current_wave_config]
# if { [string length $curr_wave] == 0 } {
#   if { [llength [get_objects]] > 0} {
#     add_wave /
#     set_property needs_save false [current_wave_config]
#   } else {
#      send_msg_id Add_Wave-1 WARNING "No top level signals found. Simulator will start without a wave window. If you want to open a wave window go to 'File->New Waveform Configuration' or type 'create_wave_config' in the TCL console."
#   }
# }
# run 1000ns
Note: Stimulus process started
Time: 0 ps  Iteration: 0  Process: /tb_driver_7seg_4digits/p_stimulus  File: C:/Users/samue/Documents/GitHub/Digital-electronics-1/Labs/06-display_driver/display_driver/display_driver.srcs/sim_1/new/tb_driver_7seg_4digits.vhd
Note: Stimulus process finished
Time: 0 ps  Iteration: 0  Process: /tb_driver_7seg_4digits/p_stimulus  File: C:/Users/samue/Documents/GitHub/Digital-electronics-1/Labs/06-display_driver/display_driver/display_driver.srcs/sim_1/new/tb_driver_7seg_4digits.vhd
INFO: [USF-XSim-96] XSim completed. Design snapshot 'tb_driver_7seg_4digits_behav' loaded.
INFO: [USF-XSim-97] XSim simulation ran for 1000ns
launch_simulation: Time (s): cpu = 00:00:06 ; elapsed = 00:00:07 . Memory (MB): peak = 1065.324 ; gain = 0.000
close_sim
INFO: [Simtcl 6-16] Simulation closed
launch_simulation
Command: launch_simulation 
INFO: [Vivado 12-5682] Launching behavioral simulation in 'C:/Users/samue/Documents/GitHub/Digital-electronics-1/Labs/06-display_driver/display_driver/display_driver.sim/sim_1/behav/xsim'
INFO: [SIM-utils-51] Simulation object is 'sim_1'
INFO: [SIM-utils-54] Inspecting design source files for 'tb_driver_7seg_4digits' in fileset 'sim_1'...
INFO: [USF-XSim-97] Finding global include files...
INFO: [USF-XSim-98] Fetching design files from 'sim_1'...
INFO: [USF-XSim-2] XSim::Compile design
INFO: [USF-XSim-61] Executing 'COMPILE and ANALYZE' step in 'C:/Users/samue/Documents/GitHub/Digital-electronics-1/Labs/06-display_driver/display_driver/display_driver.sim/sim_1/behav/xsim'
"xvhdl --incr --relax -prj tb_driver_7seg_4digits_vhdl.prj"
INFO: [USF-XSim-69] 'compile' step finished in '1' seconds
INFO: [USF-XSim-3] XSim::Elaborate design
INFO: [USF-XSim-61] Executing 'ELABORATE' step in 'C:/Users/samue/Documents/GitHub/Digital-electronics-1/Labs/06-display_driver/display_driver/display_driver.sim/sim_1/behav/xsim'
"xelab -wto 88a4e527f47148b78d299575ef4db92a --incr --debug typical --relax --mt 2 -L xil_defaultlib -L secureip --snapshot tb_driver_7seg_4digits_behav xil_defaultlib.tb_driver_7seg_4digits -log elaborate.log"
Vivado Simulator 2020.2
Copyright 1986-1999, 2001-2020 Xilinx, Inc. All Rights Reserved.
Running: C:/Xilinx/Vivado/2020.2/bin/unwrapped/win64.o/xelab.exe -wto 88a4e527f47148b78d299575ef4db92a --incr --debug typical --relax --mt 2 -L xil_defaultlib -L secureip --snapshot tb_driver_7seg_4digits_behav xil_defaultlib.tb_driver_7seg_4digits -log elaborate.log 
Using 2 slave threads.
Starting static elaboration
Completed static elaboration
INFO: [XSIM 43-4323] No Change in HDL. Linking previously generated obj files to create kernel
INFO: [USF-XSim-69] 'elaborate' step finished in '2' seconds
INFO: [USF-XSim-4] XSim::Simulate design
INFO: [USF-XSim-61] Executing 'SIMULATE' step in 'C:/Users/samue/Documents/GitHub/Digital-electronics-1/Labs/06-display_driver/display_driver/display_driver.sim/sim_1/behav/xsim'
INFO: [USF-XSim-98] *** Running xsim
   with args "tb_driver_7seg_4digits_behav -key {Behavioral:sim_1:Functional:tb_driver_7seg_4digits} -tclbatch {tb_driver_7seg_4digits.tcl} -log {simulate.log}"
INFO: [USF-XSim-8] Loading simulator feature
Vivado Simulator 2020.2
Time resolution is 1 ps
source tb_driver_7seg_4digits.tcl
# set curr_wave [current_wave_config]
# if { [string length $curr_wave] == 0 } {
#   if { [llength [get_objects]] > 0} {
#     add_wave /
#     set_property needs_save false [current_wave_config]
#   } else {
#      send_msg_id Add_Wave-1 WARNING "No top level signals found. Simulator will start without a wave window. If you want to open a wave window go to 'File->New Waveform Configuration' or type 'create_wave_config' in the TCL console."
#   }
# }
# run 1000ns
Note: Stimulus process started
Time: 0 ps  Iteration: 0  Process: /tb_driver_7seg_4digits/p_stimulus  File: C:/Users/samue/Documents/GitHub/Digital-electronics-1/Labs/06-display_driver/display_driver/display_driver.srcs/sim_1/new/tb_driver_7seg_4digits.vhd
Note: Stimulus process finished
Time: 0 ps  Iteration: 0  Process: /tb_driver_7seg_4digits/p_stimulus  File: C:/Users/samue/Documents/GitHub/Digital-electronics-1/Labs/06-display_driver/display_driver/display_driver.srcs/sim_1/new/tb_driver_7seg_4digits.vhd
INFO: [USF-XSim-96] XSim completed. Design snapshot 'tb_driver_7seg_4digits_behav' loaded.
INFO: [USF-XSim-97] XSim simulation ran for 1000ns
launch_simulation: Time (s): cpu = 00:00:05 ; elapsed = 00:00:06 . Memory (MB): peak = 1065.738 ; gain = 0.414
close_sim
INFO: [Simtcl 6-16] Simulation closed
update_compile_order -fileset sources_1
update_compile_order -fileset sources_1
update_compile_order -fileset sources_1
launch_simulation
Command: launch_simulation 
INFO: [Vivado 12-5682] Launching behavioral simulation in 'C:/Users/samue/Documents/GitHub/Digital-electronics-1/Labs/06-display_driver/display_driver/display_driver.sim/sim_1/behav/xsim'
INFO: [SIM-utils-51] Simulation object is 'sim_1'
INFO: [SIM-utils-54] Inspecting design source files for 'tb_driver_7seg_4digits' in fileset 'sim_1'...
INFO: [USF-XSim-97] Finding global include files...
INFO: [USF-XSim-98] Fetching design files from 'sim_1'...
INFO: [USF-XSim-2] XSim::Compile design
INFO: [USF-XSim-61] Executing 'COMPILE and ANALYZE' step in 'C:/Users/samue/Documents/GitHub/Digital-electronics-1/Labs/06-display_driver/display_driver/display_driver.sim/sim_1/behav/xsim'
"xvhdl --incr --relax -prj tb_driver_7seg_4digits_vhdl.prj"
INFO: [USF-XSim-69] 'compile' step finished in '1' seconds
INFO: [USF-XSim-3] XSim::Elaborate design
INFO: [USF-XSim-61] Executing 'ELABORATE' step in 'C:/Users/samue/Documents/GitHub/Digital-electronics-1/Labs/06-display_driver/display_driver/display_driver.sim/sim_1/behav/xsim'
"xelab -wto 88a4e527f47148b78d299575ef4db92a --incr --debug typical --relax --mt 2 -L xil_defaultlib -L secureip --snapshot tb_driver_7seg_4digits_behav xil_defaultlib.tb_driver_7seg_4digits -log elaborate.log"
Vivado Simulator 2020.2
Copyright 1986-1999, 2001-2020 Xilinx, Inc. All Rights Reserved.
Running: C:/Xilinx/Vivado/2020.2/bin/unwrapped/win64.o/xelab.exe -wto 88a4e527f47148b78d299575ef4db92a --incr --debug typical --relax --mt 2 -L xil_defaultlib -L secureip --snapshot tb_driver_7seg_4digits_behav xil_defaultlib.tb_driver_7seg_4digits -log elaborate.log 
Using 2 slave threads.
Starting static elaboration
Completed static elaboration
INFO: [XSIM 43-4323] No Change in HDL. Linking previously generated obj files to create kernel
INFO: [USF-XSim-69] 'elaborate' step finished in '2' seconds
INFO: [USF-XSim-4] XSim::Simulate design
INFO: [USF-XSim-61] Executing 'SIMULATE' step in 'C:/Users/samue/Documents/GitHub/Digital-electronics-1/Labs/06-display_driver/display_driver/display_driver.sim/sim_1/behav/xsim'
INFO: [USF-XSim-98] *** Running xsim
   with args "tb_driver_7seg_4digits_behav -key {Behavioral:sim_1:Functional:tb_driver_7seg_4digits} -tclbatch {tb_driver_7seg_4digits.tcl} -log {simulate.log}"
INFO: [USF-XSim-8] Loading simulator feature
Vivado Simulator 2020.2
Time resolution is 1 ps
source tb_driver_7seg_4digits.tcl
# set curr_wave [current_wave_config]
# if { [string length $curr_wave] == 0 } {
#   if { [llength [get_objects]] > 0} {
#     add_wave /
#     set_property needs_save false [current_wave_config]
#   } else {
#      send_msg_id Add_Wave-1 WARNING "No top level signals found. Simulator will start without a wave window. If you want to open a wave window go to 'File->New Waveform Configuration' or type 'create_wave_config' in the TCL console."
#   }
# }
# run 1000ns
Note: Stimulus process started
Time: 0 ps  Iteration: 0  Process: /tb_driver_7seg_4digits/p_stimulus  File: C:/Users/samue/Documents/GitHub/Digital-electronics-1/Labs/06-display_driver/display_driver/display_driver.srcs/sim_1/new/tb_driver_7seg_4digits.vhd
Note: Stimulus process finished
Time: 0 ps  Iteration: 0  Process: /tb_driver_7seg_4digits/p_stimulus  File: C:/Users/samue/Documents/GitHub/Digital-electronics-1/Labs/06-display_driver/display_driver/display_driver.srcs/sim_1/new/tb_driver_7seg_4digits.vhd
INFO: [USF-XSim-96] XSim completed. Design snapshot 'tb_driver_7seg_4digits_behav' loaded.
INFO: [USF-XSim-97] XSim simulation ran for 1000ns
launch_simulation: Time (s): cpu = 00:00:03 ; elapsed = 00:00:06 . Memory (MB): peak = 1147.988 ; gain = 3.707
close_sim
INFO: [Simtcl 6-16] Simulation closed
launch_simulation
Command: launch_simulation 
INFO: [Vivado 12-5682] Launching behavioral simulation in 'C:/Users/samue/Documents/GitHub/Digital-electronics-1/Labs/06-display_driver/display_driver/display_driver.sim/sim_1/behav/xsim'
INFO: [SIM-utils-51] Simulation object is 'sim_1'
INFO: [SIM-utils-54] Inspecting design source files for 'tb_driver_7seg_4digits' in fileset 'sim_1'...
INFO: [USF-XSim-97] Finding global include files...
INFO: [USF-XSim-98] Fetching design files from 'sim_1'...
INFO: [USF-XSim-2] XSim::Compile design
INFO: [USF-XSim-61] Executing 'COMPILE and ANALYZE' step in 'C:/Users/samue/Documents/GitHub/Digital-electronics-1/Labs/06-display_driver/display_driver/display_driver.sim/sim_1/behav/xsim'
"xvhdl --incr --relax -prj tb_driver_7seg_4digits_vhdl.prj"
INFO: [VRFC 10-163] Analyzing VHDL file "C:/Users/samue/Documents/GitHub/Digital-electronics-1/Labs/06-display_driver/display_driver/display_driver.srcs/sources_1/new/driver_7seg_4digits.vhd" into library xil_defaultlib
INFO: [VRFC 10-3107] analyzing entity 'driver_7seg_4digits'
INFO: [VRFC 10-163] Analyzing VHDL file "C:/Users/samue/Documents/GitHub/Digital-electronics-1/Labs/06-display_driver/display_driver/display_driver.srcs/sim_1/new/tb_driver_7seg_4digits.vhd" into library xil_defaultlib
INFO: [VRFC 10-3107] analyzing entity 'tb_driver_7seg_4digits'
INFO: [USF-XSim-69] 'compile' step finished in '1' seconds
INFO: [USF-XSim-3] XSim::Elaborate design
INFO: [USF-XSim-61] Executing 'ELABORATE' step in 'C:/Users/samue/Documents/GitHub/Digital-electronics-1/Labs/06-display_driver/display_driver/display_driver.sim/sim_1/behav/xsim'
"xelab -wto 88a4e527f47148b78d299575ef4db92a --incr --debug typical --relax --mt 2 -L xil_defaultlib -L secureip --snapshot tb_driver_7seg_4digits_behav xil_defaultlib.tb_driver_7seg_4digits -log elaborate.log"
Vivado Simulator 2020.2
Copyright 1986-1999, 2001-2020 Xilinx, Inc. All Rights Reserved.
Running: C:/Xilinx/Vivado/2020.2/bin/unwrapped/win64.o/xelab.exe -wto 88a4e527f47148b78d299575ef4db92a --incr --debug typical --relax --mt 2 -L xil_defaultlib -L secureip --snapshot tb_driver_7seg_4digits_behav xil_defaultlib.tb_driver_7seg_4digits -log elaborate.log 
Using 2 slave threads.
Starting static elaboration
Completed static elaboration
Starting simulation data flow analysis
Completed simulation data flow analysis
Time Resolution for simulation is 1ps
Compiling package std.standard
Compiling package std.textio
Compiling package ieee.std_logic_1164
Compiling package ieee.numeric_std
Compiling architecture behavioral of entity xil_defaultlib.clock_enable [\clock_enable(g_max=4)\]
Compiling architecture behavioral of entity xil_defaultlib.cnt_up_down [\cnt_up_down(g_cnt_width=2)\]
Compiling architecture behavioral of entity xil_defaultlib.hex_7seg [hex_7seg_default]
Compiling architecture behavioral of entity xil_defaultlib.driver_7seg_4digits [driver_7seg_4digits_default]
Compiling architecture testbench of entity xil_defaultlib.tb_driver_7seg_4digits
Built simulation snapshot tb_driver_7seg_4digits_behav
INFO: [USF-XSim-69] 'elaborate' step finished in '2' seconds
INFO: [USF-XSim-4] XSim::Simulate design
INFO: [USF-XSim-61] Executing 'SIMULATE' step in 'C:/Users/samue/Documents/GitHub/Digital-electronics-1/Labs/06-display_driver/display_driver/display_driver.sim/sim_1/behav/xsim'
INFO: [USF-XSim-98] *** Running xsim
   with args "tb_driver_7seg_4digits_behav -key {Behavioral:sim_1:Functional:tb_driver_7seg_4digits} -tclbatch {tb_driver_7seg_4digits.tcl} -log {simulate.log}"
INFO: [USF-XSim-8] Loading simulator feature
Vivado Simulator 2020.2
Time resolution is 1 ps
source tb_driver_7seg_4digits.tcl
# set curr_wave [current_wave_config]
# if { [string length $curr_wave] == 0 } {
#   if { [llength [get_objects]] > 0} {
#     add_wave /
#     set_property needs_save false [current_wave_config]
#   } else {
#      send_msg_id Add_Wave-1 WARNING "No top level signals found. Simulator will start without a wave window. If you want to open a wave window go to 'File->New Waveform Configuration' or type 'create_wave_config' in the TCL console."
#   }
# }
# run 1000ns
Note: Stimulus process started
Time: 0 ps  Iteration: 0  Process: /tb_driver_7seg_4digits/p_stimulus  File: C:/Users/samue/Documents/GitHub/Digital-electronics-1/Labs/06-display_driver/display_driver/display_driver.srcs/sim_1/new/tb_driver_7seg_4digits.vhd
Note: Stimulus process finished
Time: 0 ps  Iteration: 0  Process: /tb_driver_7seg_4digits/p_stimulus  File: C:/Users/samue/Documents/GitHub/Digital-electronics-1/Labs/06-display_driver/display_driver/display_driver.srcs/sim_1/new/tb_driver_7seg_4digits.vhd
INFO: [USF-XSim-96] XSim completed. Design snapshot 'tb_driver_7seg_4digits_behav' loaded.
INFO: [USF-XSim-97] XSim simulation ran for 1000ns
launch_simulation: Time (s): cpu = 00:00:04 ; elapsed = 00:00:06 . Memory (MB): peak = 1149.477 ; gain = 1.305
close_sim
INFO: [Simtcl 6-16] Simulation closed
launch_simulation
Command: launch_simulation 
INFO: [Vivado 12-5682] Launching behavioral simulation in 'C:/Users/samue/Documents/GitHub/Digital-electronics-1/Labs/06-display_driver/display_driver/display_driver.sim/sim_1/behav/xsim'
INFO: [SIM-utils-51] Simulation object is 'sim_1'
INFO: [SIM-utils-54] Inspecting design source files for 'tb_driver_7seg_4digits' in fileset 'sim_1'...
INFO: [USF-XSim-97] Finding global include files...
INFO: [USF-XSim-98] Fetching design files from 'sim_1'...
INFO: [USF-XSim-2] XSim::Compile design
INFO: [USF-XSim-61] Executing 'COMPILE and ANALYZE' step in 'C:/Users/samue/Documents/GitHub/Digital-electronics-1/Labs/06-display_driver/display_driver/display_driver.sim/sim_1/behav/xsim'
"xvhdl --incr --relax -prj tb_driver_7seg_4digits_vhdl.prj"
INFO: [VRFC 10-163] Analyzing VHDL file "C:/Users/samue/Documents/GitHub/Digital-electronics-1/Labs/06-display_driver/display_driver/display_driver.srcs/sim_1/new/tb_driver_7seg_4digits.vhd" into library xil_defaultlib
INFO: [VRFC 10-3107] analyzing entity 'tb_driver_7seg_4digits'
INFO: [USF-XSim-69] 'compile' step finished in '1' seconds
INFO: [USF-XSim-3] XSim::Elaborate design
INFO: [USF-XSim-61] Executing 'ELABORATE' step in 'C:/Users/samue/Documents/GitHub/Digital-electronics-1/Labs/06-display_driver/display_driver/display_driver.sim/sim_1/behav/xsim'
"xelab -wto 88a4e527f47148b78d299575ef4db92a --incr --debug typical --relax --mt 2 -L xil_defaultlib -L secureip --snapshot tb_driver_7seg_4digits_behav xil_defaultlib.tb_driver_7seg_4digits -log elaborate.log"
Vivado Simulator 2020.2
Copyright 1986-1999, 2001-2020 Xilinx, Inc. All Rights Reserved.
Running: C:/Xilinx/Vivado/2020.2/bin/unwrapped/win64.o/xelab.exe -wto 88a4e527f47148b78d299575ef4db92a --incr --debug typical --relax --mt 2 -L xil_defaultlib -L secureip --snapshot tb_driver_7seg_4digits_behav xil_defaultlib.tb_driver_7seg_4digits -log elaborate.log 
Using 2 slave threads.
Starting static elaboration
Completed static elaboration
Starting simulation data flow analysis
Completed simulation data flow analysis
Time Resolution for simulation is 1ps
Compiling package std.standard
Compiling package std.textio
Compiling package ieee.std_logic_1164
Compiling package ieee.numeric_std
Compiling architecture behavioral of entity xil_defaultlib.clock_enable [\clock_enable(g_max=4)\]
Compiling architecture behavioral of entity xil_defaultlib.cnt_up_down [\cnt_up_down(g_cnt_width=2)\]
Compiling architecture behavioral of entity xil_defaultlib.hex_7seg [hex_7seg_default]
Compiling architecture behavioral of entity xil_defaultlib.driver_7seg_4digits [driver_7seg_4digits_default]
Compiling architecture testbench of entity xil_defaultlib.tb_driver_7seg_4digits
Built simulation snapshot tb_driver_7seg_4digits_behav
INFO: [USF-XSim-69] 'elaborate' step finished in '2' seconds
INFO: [USF-XSim-4] XSim::Simulate design
INFO: [USF-XSim-61] Executing 'SIMULATE' step in 'C:/Users/samue/Documents/GitHub/Digital-electronics-1/Labs/06-display_driver/display_driver/display_driver.sim/sim_1/behav/xsim'
INFO: [USF-XSim-98] *** Running xsim
   with args "tb_driver_7seg_4digits_behav -key {Behavioral:sim_1:Functional:tb_driver_7seg_4digits} -tclbatch {tb_driver_7seg_4digits.tcl} -log {simulate.log}"
INFO: [USF-XSim-8] Loading simulator feature
Vivado Simulator 2020.2
Time resolution is 1 ps
source tb_driver_7seg_4digits.tcl
# set curr_wave [current_wave_config]
# if { [string length $curr_wave] == 0 } {
#   if { [llength [get_objects]] > 0} {
#     add_wave /
#     set_property needs_save false [current_wave_config]
#   } else {
#      send_msg_id Add_Wave-1 WARNING "No top level signals found. Simulator will start without a wave window. If you want to open a wave window go to 'File->New Waveform Configuration' or type 'create_wave_config' in the TCL console."
#   }
# }
# run 1000ns
Note: Stimulus process started
Time: 0 ps  Iteration: 0  Process: /tb_driver_7seg_4digits/p_stimulus  File: C:/Users/samue/Documents/GitHub/Digital-electronics-1/Labs/06-display_driver/display_driver/display_driver.srcs/sim_1/new/tb_driver_7seg_4digits.vhd
Note: Stimulus process finished
Time: 600 ns  Iteration: 0  Process: /tb_driver_7seg_4digits/p_stimulus  File: C:/Users/samue/Documents/GitHub/Digital-electronics-1/Labs/06-display_driver/display_driver/display_driver.srcs/sim_1/new/tb_driver_7seg_4digits.vhd
INFO: [USF-XSim-96] XSim completed. Design snapshot 'tb_driver_7seg_4digits_behav' loaded.
INFO: [USF-XSim-97] XSim simulation ran for 1000ns
launch_simulation: Time (s): cpu = 00:00:04 ; elapsed = 00:00:06 . Memory (MB): peak = 1156.684 ; gain = 4.582
save_wave_config {C:/Users/samue/Documents/GitHub/Digital-electronics-1/Labs/06-display_driver/display_driver/tb_driver_7seg_4digits_behav.wcfg}
add_files -fileset sim_1 -norecurse C:/Users/samue/Documents/GitHub/Digital-electronics-1/Labs/06-display_driver/display_driver/tb_driver_7seg_4digits_behav.wcfg
set_property xsim.view C:/Users/samue/Documents/GitHub/Digital-electronics-1/Labs/06-display_driver/display_driver/tb_driver_7seg_4digits_behav.wcfg [get_filesets sim_1]
close_sim
INFO: [Simtcl 6-16] Simulation closed
exit
INFO: [Common 17-206] Exiting Vivado at Wed Mar 17 15:03:55 2021...
