#-----------------------------------------------------------
# Vivado v2020.2 (64-bit)
# SW Build 3064766 on Wed Nov 18 09:12:45 MST 2020
# IP Build 3064653 on Wed Nov 18 14:17:31 MST 2020
# Start of session at: Wed Mar 17 10:53:52 2021
# Process ID: 17768
# Current directory: C:/Users/samue/Documents/GitHub/Digital-electronics-1/Labs/05-counter/counter
# Command line: vivado.exe -gui_launcher_event rodinguilauncherevent19452 C:\Users\samue\Documents\GitHub\Digital-electronics-1\Labs\05-counter\counter\counter.xpr
# Log file: C:/Users/samue/Documents/GitHub/Digital-electronics-1/Labs/05-counter/counter/vivado.log
# Journal file: C:/Users/samue/Documents/GitHub/Digital-electronics-1/Labs/05-counter/counter\vivado.jou
#-----------------------------------------------------------
start_gui
open_project C:/Users/samue/Documents/GitHub/Digital-electronics-1/Labs/05-counter/counter/counter.xpr
WARNING: [filemgmt 56-3] Default IP Output Path : Could not find the directory 'C:/Users/samue/Documents/GitHub/Digital-electronics-1/Labs/05-counter/counter/counter.gen/sources_1'.
Scanning sources...
Finished scanning sources
INFO: [IP_Flow 19-234] Refreshing IP repositories
INFO: [IP_Flow 19-1704] No user IP repositories specified
INFO: [IP_Flow 19-2313] Loaded Vivado IP repository 'C:/Xilinx/Vivado/2020.2/data/ip'.
update_compile_order -fileset sources_1
exit
INFO: [Common 17-206] Exiting Vivado at Wed Mar 17 11:47:38 2021...
